[debug] [2019-08-13T12:50:27.609Z] ----------------------------------------------------------------------
[debug] [2019-08-13T12:50:27.611Z] Command:       C:\Program Files\nodejs\node.exe C:\Users\729706\AppData\Roaming\npm\node_modules\firebase-tools\lib\bin\firebase.js init
[debug] [2019-08-13T12:50:27.611Z] CLI Version:   7.2.2
[debug] [2019-08-13T12:50:27.611Z] Platform:      win32
[debug] [2019-08-13T12:50:27.611Z] Node Version:  v10.16.0
[debug] [2019-08-13T12:50:27.613Z] Time:          Tue Aug 13 2019 18:20:27 GMT+0530 (India Standard Time)
[debug] [2019-08-13T12:50:27.613Z] ----------------------------------------------------------------------
[debug] 
[debug] [2019-08-13T12:50:27.622Z] > command requires scopes: ["email","openid","https://www.googleapis.com/auth/cloudplatformprojects.readonly","https://www.googleapis.com/auth/firebase","https://www.googleapis.com/auth/cloud-platform"]
[debug] [2019-08-13T12:50:27.623Z] > authorizing via signed-in user
[info] 
     ######## #### ########  ######## ########     ###     ######  ########
     ##        ##  ##     ## ##       ##     ##  ##   ##  ##       ##
     ######    ##  ########  ######   ########  #########  ######  ######
     ##        ##  ##    ##  ##       ##     ## ##     ##       ## ##
     ##       #### ##     ## ######## ########  ##     ##  ######  ########

You're about to initialize a Firebase project in this directory:

  D:\React\burger-app

[info] 
=== Project Setup
[info] 
[info] First, let's associate this project directory with a Firebase project.
[info] You can create multiple project aliases by running firebase use --add, 
[info] but for now we'll just set up a default project.
[info] 
[debug] [2019-08-13T12:50:31.929Z] > refreshing access token with scopes: ["email","https://www.googleapis.com/auth/cloud-platform","https://www.googleapis.com/auth/cloudplatformprojects.readonly","https://www.googleapis.com/auth/firebase","openid"]
[debug] [2019-08-13T12:50:31.929Z] >>> HTTP REQUEST POST https://www.googleapis.com/oauth2/v3/token  
 <request body omitted>
[debug] [2019-08-13T12:50:32.086Z] <<< HTTP RESPONSE 200
[debug] [2019-08-13T12:50:32.148Z] >>> HTTP REQUEST GET https://firebase.googleapis.com/v1beta1/projects?page_size=100  
 
[debug] [2019-08-13T12:50:34.209Z] Error: connect ECONNREFUSED 172.217.31.202:443
    at TCPConnectWrap.afterConnect [as oncomplete] (net.js:1106:14)
[error] 
[error] Error: Server Error. connect ECONNREFUSED 172.217.31.202:443
